[debug] [2026-01-21T16:04:43.294Z] ----------------------------------------------------------------------
[debug] [2026-01-21T16:04:43.300Z] Command:       C:\Program Files\nodejs\node.exe C:\Users\Abdulah\AppData\Roaming\npm\node_modules\firebase-tools\lib\bin\firebase.js init
[debug] [2026-01-21T16:04:43.301Z] CLI Version:   15.3.1
[debug] [2026-01-21T16:04:43.302Z] Platform:      win32
[debug] [2026-01-21T16:04:43.302Z] Node Version:  v24.11.1
[debug] [2026-01-21T16:04:43.302Z] Time:          Wed Jan 21 2026 08:04:43 GMT-0800 (Pacific Standard Time)
[debug] [2026-01-21T16:04:43.303Z] ----------------------------------------------------------------------
[debug] 
[info] 
     ######## #### ########  ######## ########     ###     ######  ########
     ##        ##  ##     ## ##       ##     ##  ##   ##  ##       ##
     ######    ##  ########  ######   ########  #########  ######  ######
     ##        ##  ##    ##  ##       ##     ## ##     ##       ## ##
     ##       #### ##     ## ######## ########  ##     ##  ######  ########

You're about to initialize a Firebase project in this directory:

  D:\react\bano-qabil

[info] 
=== Project Setup
[info] 
[info] First, let's associate this project directory with a Firebase project.
[info] You can create multiple project aliases by running firebase use --add, 
[info] 
[debug] [2026-01-21T16:07:32.572Z] > command requires scopes: ["email","openid","https://www.googleapis.com/auth/cloudplatformprojects.readonly","https://www.googleapis.com/auth/firebase","https://www.googleapis.com/auth/cloud-platform"]
[debug] [2026-01-21T16:07:32.573Z] > authorizing via signed-in user (s.abdullahkhan2008@gmail.com)
[debug] [2026-01-21T16:07:32.575Z] Checked if tokens are valid: true, expires at: 1769015038883
[debug] [2026-01-21T16:07:32.576Z] Checked if tokens are valid: true, expires at: 1769015038883
[debug] [2026-01-21T16:07:32.578Z] >>> [apiv2][query] GET https://firebase.googleapis.com/v1beta1/projects pageSize=100
[debug] [2026-01-21T16:07:33.353Z] <<< [apiv2][status] GET https://firebase.googleapis.com/v1beta1/projects 200
[debug] [2026-01-21T16:07:33.353Z] <<< [apiv2][body] GET https://firebase.googleapis.com/v1beta1/projects [omitted]
[debug] [2026-01-21T16:19:13.999Z] ExitPromptError: User force closed the prompt with SIGINT
    at Interface.sigint (C:\Users\Abdulah\AppData\Roaming\npm\node_modules\firebase-tools\node_modules\@inquirer\core\dist\commonjs\lib\create-prompt.js:101:37)
    at Interface.emit (node:events:508:28)
    at [_ttyWrite] [as _ttyWrite] (node:internal/readline/interface:1317:18)
    at ReadStream.onkeypress (node:internal/readline/interface:284:20)
    at ReadStream.emit (node:events:520:35)
    at emitKeys (node:internal/readline/utils:371:14)
    at emitKeys.next (<anonymous>)
    at ReadStream.onData (node:internal/readline/emitKeypressEvents:64:36)
    at ReadStream.emit (node:events:508:28)
    at addChunk (node:internal/streams/readable:559:12)
[error] 
[error] Error: An unexpected error has occurred.
